{"obj": {"type": "AssignString", "path": ["sys", "name"], "value": "Untitled"}, "version": 1}
{"obj": {"type": "AssignString", "path": ["sys", "description"], "value": ""}, "version": 2}
{"obj": {"type": "AssignString", "path": ["monitoring", "c91e8354", "hostname"], "value": "enterprise"}, "version": 3}
{"obj": {"type": "AssignString", "path": ["sys", "hostname"], "value": "enterprise"}, "version": 4}
{"obj": {"type": "AssignString", "path": ["monitoring", "c91e8354", "pid"], "value": "58180"}, "version": 5}
{"obj": {"type": "AssignString", "path": ["monitoring", "c91e8354", "tid"], "value": "140526534203200"}, "version": 6}
{"obj": {"type": "AssignBool", "path": ["sys", "failed"], "value": false}, "version": 7}
{"obj": {"type": "AssignString", "path": ["parameters", "model_name"], "value": "densenet"}, "version": 8}
{"obj": {"type": "AssignInt", "path": ["parameters", "num_classes"], "value": 2}, "version": 9}
{"obj": {"type": "AssignInt", "path": ["parameters", "batch_size"], "value": 8}, "version": 10}
{"obj": {"type": "AssignInt", "path": ["parameters", "num_epochs"], "value": 30}, "version": 11}
{"obj": {"type": "AssignString", "path": ["optim", "name"], "value": "Adam"}, "version": 12}
{"obj": {"type": "AssignFloat", "path": ["optim", "lr"], "value": 0.001}, "version": 13}
{"obj": {"type": "LogFloats", "path": ["train", "accuracy"], "values": [{"value": 0.7353329944077275, "step": null, "ts": 1688069907.4959815}]}, "version": 14}
{"obj": {"type": "LogFloats", "path": ["train", "loss"], "values": [{"value": 0.5857133171736558, "step": null, "ts": 1688069907.496482}]}, "version": 15}
{"obj": {"type": "LogFloats", "path": ["val", "accuracy"], "values": [{"value": 0.7132980886539243, "step": null, "ts": 1688069922.6809084}]}, "version": 16}
{"obj": {"type": "LogFloats", "path": ["val", "loss"], "values": [{"value": 0.5961462333707511, "step": null, "ts": 1688069922.6811213}]}, "version": 17}
{"obj": {"type": "LogFloats", "path": ["train", "accuracy"], "values": [{"value": 0.7382816471784442, "step": null, "ts": 1688070125.6035159}]}, "version": 18}
{"obj": {"type": "LogFloats", "path": ["train", "loss"], "values": [{"value": 0.5767270464489893, "step": null, "ts": 1688070125.6036863}]}, "version": 19}
{"obj": {"type": "LogFloats", "path": ["val", "accuracy"], "values": [{"value": 0.7187881252541684, "step": null, "ts": 1688070140.7239065}]}, "version": 20}
{"obj": {"type": "LogFloats", "path": ["val", "loss"], "values": [{"value": 0.595159941691119, "step": null, "ts": 1688070140.7241008}]}, "version": 21}
{"obj": {"type": "LogFloats", "path": ["train", "accuracy"], "values": [{"value": 0.7382816471784442, "step": null, "ts": 1688070337.3982692}]}, "version": 22}
{"obj": {"type": "LogFloats", "path": ["train", "loss"], "values": [{"value": 0.5751603512213687, "step": null, "ts": 1688070337.3986845}]}, "version": 23}
{"obj": {"type": "LogFloats", "path": ["val", "accuracy"], "values": [{"value": 0.7187881252541684, "step": null, "ts": 1688070352.4604442}]}, "version": 24}
{"obj": {"type": "LogFloats", "path": ["val", "loss"], "values": [{"value": 0.596791807242456, "step": null, "ts": 1688070352.460907}]}, "version": 25}
{"obj": {"type": "LogFloats", "path": ["train", "accuracy"], "values": [{"value": 0.7382816471784442, "step": null, "ts": 1688070548.747882}]}, "version": 26}
{"obj": {"type": "LogFloats", "path": ["train", "loss"], "values": [{"value": 0.5755171596125169, "step": null, "ts": 1688070548.7483842}]}, "version": 27}
{"obj": {"type": "LogFloats", "path": ["val", "accuracy"], "values": [{"value": 0.7187881252541684, "step": null, "ts": 1688070564.0203795}]}, "version": 28}
{"obj": {"type": "LogFloats", "path": ["val", "loss"], "values": [{"value": 0.5984272938062623, "step": null, "ts": 1688070564.0208597}]}, "version": 29}
{"obj": {"type": "LogFloats", "path": ["train", "accuracy"], "values": [{"value": 0.7382816471784442, "step": null, "ts": 1688070762.6269403}]}, "version": 30}
{"obj": {"type": "LogFloats", "path": ["train", "loss"], "values": [{"value": 0.5753748066727135, "step": null, "ts": 1688070762.6271234}]}, "version": 31}
{"obj": {"type": "LogFloats", "path": ["val", "accuracy"], "values": [{"value": 0.7187881252541684, "step": null, "ts": 1688070777.719093}]}, "version": 32}
{"obj": {"type": "LogFloats", "path": ["val", "loss"], "values": [{"value": 0.5956620039640281, "step": null, "ts": 1688070777.719297}]}, "version": 33}
{"obj": {"type": "LogFloats", "path": ["train", "accuracy"], "values": [{"value": 0.7382816471784442, "step": null, "ts": 1688070977.046328}]}, "version": 34}
{"obj": {"type": "LogFloats", "path": ["train", "loss"], "values": [{"value": 0.5753523625088757, "step": null, "ts": 1688070977.04677}]}, "version": 35}
{"obj": {"type": "LogFloats", "path": ["val", "accuracy"], "values": [{"value": 0.7187881252541684, "step": null, "ts": 1688070992.325045}]}, "version": 36}
{"obj": {"type": "LogFloats", "path": ["val", "loss"], "values": [{"value": 0.5942605443726036, "step": null, "ts": 1688070992.3255212}]}, "version": 37}
